[debug] [2024-04-11T12:24:25.232Z] ----------------------------------------------------------------------
[debug] [2024-04-11T12:24:25.233Z] Command:       /home/mdzine/.local/node-v20.12.0-linux-x64/bin/node /home/mdzine/.npm-global/bin/firebase init
[debug] [2024-04-11T12:24:25.234Z] CLI Version:   13.0.2
[debug] [2024-04-11T12:24:25.234Z] Platform:      linux
[debug] [2024-04-11T12:24:25.234Z] Node Version:  v20.12.0
[debug] [2024-04-11T12:24:25.234Z] Time:          Thu Apr 11 2024 17:24:25 GMT+0500 (Turkmenistan Standard Time)
[debug] [2024-04-11T12:24:25.234Z] ----------------------------------------------------------------------
[debug] 
[debug] [2024-04-11T12:24:25.237Z] > command requires scopes: ["email","openid","https://www.googleapis.com/auth/cloudplatformprojects.readonly","https://www.googleapis.com/auth/firebase","https://www.googleapis.com/auth/cloud-platform"]
[debug] [2024-04-11T12:24:25.237Z] > authorizing via signed-in user (merdan.durdiyev@gmail.com)
[info] 
     ######## #### ########  ######## ########     ###     ######  ########
     ##        ##  ##     ## ##       ##     ##  ##   ##  ##       ##
     ######    ##  ########  ######   ########  #########  ######  ######
     ##        ##  ##    ##  ##       ##     ## ##     ##       ## ##
     ##       #### ##     ## ######## ########  ##     ##  ######  ########

You're about to initialize a Firebase project in this directory:

  /home/mdzine/Practice/slack-clone-yt

[info] 
=== Project Setup
[info] 
[info] First, let's associate this project directory with a Firebase project.
[info] You can create multiple project aliases by running firebase use --add, 
[info] but for now we'll just set up a default project.
[info] 
[debug] [2024-04-11T12:24:45.162Z] > refreshing access token with scopes: []
[debug] [2024-04-11T12:24:45.163Z] >>> [apiv2][query] POST https://www.googleapis.com/oauth2/v3/token [none]
[debug] [2024-04-11T12:24:45.164Z] >>> [apiv2][body] POST https://www.googleapis.com/oauth2/v3/token [omitted]
[debug] [2024-04-11T12:24:47.072Z] <<< [apiv2][status] POST https://www.googleapis.com/oauth2/v3/token 400
[debug] [2024-04-11T12:24:47.072Z] <<< [apiv2][body] POST https://www.googleapis.com/oauth2/v3/token [omitted]
[debug] [2024-04-11T12:24:47.073Z] >>> [apiv2][query] GET https://firebase.googleapis.com/v1beta1/projects pageSize=100
[debug] [2024-04-11T12:24:47.623Z] <<< [apiv2][status] GET https://firebase.googleapis.com/v1beta1/projects 401
[debug] [2024-04-11T12:24:47.623Z] <<< [apiv2][body] GET https://firebase.googleapis.com/v1beta1/projects [omitted]
[debug] [2024-04-11T12:24:47.623Z] HTTP Error: 401, Request had invalid authentication credentials. Expected OAuth 2 access token, login cookie or other valid authentication credential. See https://developers.google.com/identity/sign-in/web/devconsole-project.
[debug] [2024-04-11T12:24:47.624Z] FirebaseError: HTTP Error: 401, Request had invalid authentication credentials. Expected OAuth 2 access token, login cookie or other valid authentication credential. See https://developers.google.com/identity/sign-in/web/devconsole-project.
    at responseToError (/home/mdzine/.npm-global/lib/node_modules/firebase-tools/lib/responseToError.js:49:12)
    at RetryOperation._fn (/home/mdzine/.npm-global/lib/node_modules/firebase-tools/lib/apiv2.js:292:77)
    at process.processTicksAndRejections (node:internal/process/task_queues:95:5)
[error] 
[error] Error: Failed to list Firebase projects. See firebase-debug.log for more info.
